<?xml version="1.0" encoding="UTF-8"?>
<!-- Generated by org.testng.reporters.JUnitReportReporter -->
<testsuite skipped="0" hostname="VINITH" name="runner.TestngRunner" tests="2" failures="0" timestamp="2021-07-26T17:53:17 IST" time="64.236" errors="0">
  <testcase name="runScenario" time="41.223" classname="runner.TestngRunner"/>
  <system-out/>
  <testcase name="runScenario" time="23.013" classname="runner.TestngRunner"/>
  <system-out/>
</testsuite> <!-- runner.TestngRunner -->
